<?xml version="1.0" encoding="UTF-8"?>
<testsuite xmlns:xsi="http://www.w3.org/2001/XMLSchema-instance" xsi:noNamespaceSchemaLocation="https://maven.apache.org/surefire/maven-surefire-plugin/xsd/surefire-test-report.xsd" version="3.0.2" name="com.travelbank.loans.LoansApplicationTests" time="16.96" tests="1" errors="0" skipped="0" failures="0">
  <properties>
[...]
</properties>
  <testcase name="contextLoads" classname="com.travelbank.loans.LoansApplicationTests" time="0.766">
    <system-out><![CDATA[11:37:21.024 [main] INFO org.springframework.test.context.support.AnnotationConfigContextLoaderUtils -- Could not detect default configuration classes for test class [com.travelbank.loans.LoansApplicationTests]: LoansApplicationTests does not declare any static, non-private, non-final, nested classes annotated with @Configuration.
11:37:21.236 [main] INFO org.springframework.boot.test.context.SpringBootTestContextBootstrapper -- Found @SpringBootConfiguration com.travelbank.loans.LoansApplication for test class com.travelbank.loans.LoansApplicationTests
11:37:21.735 [main] INFO org.springframework.boot.devtools.restart.RestartApplicationListener -- Restart disabled due to context in which it is running

  .   ____          _            __ _ _
 /\\ / ___'_ __ _ _(_)_ __  __ _ \ \ \ \
( ( )\___ | '_ | '_| | '_ \/ _` | \ \ \ \
 \\/  ___)| |_)| | | | | || (_| |  ) ) ) )
  '  |____| .__|_| |_|_| |_\__, | / / / /
 =========|_|==============|___/=/_/_/_/

 :: Spring Boot ::                (v3.4.1)

2025-05-31T11:37:24.511+05:30  INFO 20256 --- [loans] [           main] c.t.loans.LoansApplicationTests          : Starting LoansApplicationTests using Java 21.0.6 with PID 20256 (started by vinay in D:\GitHub_Public\TravelBank\microservices-3.4.1\sectionNew8\loans)
2025-05-31T11:37:24.513+05:30  INFO 20256 --- [loans] [           main] c.t.loans.LoansApplicationTests          : The following 1 profile is active: "prod"
2025-05-31T11:37:24.602+05:30  INFO 20256 --- [loans] [           main] o.s.c.c.c.ConfigServerConfigDataLoader   : Fetching config from server at : http://localhost:8071/
2025-05-31T11:37:24.602+05:30  INFO 20256 --- [loans] [           main] o.s.c.c.c.ConfigServerConfigDataLoader   : Located environment: name=loans, profiles=[default], label=null, version=a225fc1fb9c9441b01ab91476bab957b87f8a471, state=
2025-05-31T11:37:24.603+05:30  INFO 20256 --- [loans] [           main] o.s.c.c.c.ConfigServerConfigDataLoader   : Fetching config from server at : http://localhost:8071/
2025-05-31T11:37:24.603+05:30  INFO 20256 --- [loans] [           main] o.s.c.c.c.ConfigServerConfigDataLoader   : Located environment: name=loans, profiles=[prod], label=null, version=a225fc1fb9c9441b01ab91476bab957b87f8a471, state=
2025-05-31T11:37:26.912+05:30  INFO 20256 --- [loans] [           main] .s.d.r.c.RepositoryConfigurationDelegate : Bootstrapping Spring Data JPA repositories in DEFAULT mode.
2025-05-31T11:37:27.221+05:30  INFO 20256 --- [loans] [           main] .s.d.r.c.RepositoryConfigurationDelegate : Finished Spring Data repository scanning in 291 ms. Found 1 JPA repository interface.
2025-05-31T11:37:27.720+05:30  INFO 20256 --- [loans] [           main] o.s.cloud.context.scope.GenericScope     : BeanFactory id=ba5096e8-7e89-329c-9bf3-ead723bb3d9b
2025-05-31T11:37:28.653+05:30  INFO 20256 --- [loans] [           main] com.zaxxer.hikari.HikariDataSource       : HikariPool-1 - Starting...
2025-05-31T11:37:29.034+05:30  INFO 20256 --- [loans] [           main] com.zaxxer.hikari.pool.HikariPool        : HikariPool-1 - Added connection conn0: url=jdbc:h2:mem:testdb user=SA
2025-05-31T11:37:29.037+05:30  INFO 20256 --- [loans] [           main] com.zaxxer.hikari.HikariDataSource       : HikariPool-1 - Start completed.
2025-05-31T11:37:29.310+05:30  INFO 20256 --- [loans] [           main] o.hibernate.jpa.internal.util.LogHelper  : HHH000204: Processing PersistenceUnitInfo [name: default]
2025-05-31T11:37:29.461+05:30  INFO 20256 --- [loans] [           main] org.hibernate.Version                    : HHH000412: Hibernate ORM core version 6.6.4.Final
2025-05-31T11:37:29.546+05:30  INFO 20256 --- [loans] [           main] o.h.c.internal.RegionFactoryInitiator    : HHH000026: Second-level cache disabled
2025-05-31T11:37:30.056+05:30  INFO 20256 --- [loans] [           main] o.s.o.j.p.SpringPersistenceUnitInfo      : No LoadTimeWeaver setup: ignoring JPA class transformer
2025-05-31T11:37:30.171+05:30  WARN 20256 --- [loans] [           main] org.hibernate.orm.deprecation            : HHH90000025: H2Dialect does not need to be specified explicitly using 'hibernate.dialect' (remove the property setting and it will be selected by default)
2025-05-31T11:37:30.205+05:30  INFO 20256 --- [loans] [           main] org.hibernate.orm.connections.pooling    : HHH10001005: Database info:
	Database JDBC URL [Connecting through datasource 'HikariDataSource (HikariPool-1)']
	Database driver: undefined/unknown
	Database version: 2.3.232
	Autocommit mode: undefined/unknown
	Isolation level: undefined/unknown
	Minimum pool size: undefined/unknown
	Maximum pool size: undefined/unknown
2025-05-31T11:37:31.442+05:30  INFO 20256 --- [loans] [           main] o.h.e.t.j.p.i.JtaPlatformInitiator       : HHH000489: No JTA platform available (set 'hibernate.transaction.jta.platform' to enable JTA platform integration)
Hibernate: alter table if exists loans alter column loan_id set data type bigint
Hibernate: alter table if exists loans alter column created_at set data type timestamp(6)
Hibernate: alter table if exists loans alter column created_by set data type varchar(255)
Hibernate: alter table if exists loans alter column updated_at set data type timestamp(6)
Hibernate: alter table if exists loans alter column updated_by set data type varchar(255)
Hibernate: alter table if exists loans alter column loan_number set data type varchar(255)
Hibernate: alter table if exists loans alter column loan_type set data type varchar(255)
Hibernate: alter table if exists loans alter column mobile_number set data type varchar(255)
2025-05-31T11:37:31.560+05:30  INFO 20256 --- [loans] [           main] j.LocalContainerEntityManagerFactoryBean : Initialized JPA EntityManagerFactory for persistence unit 'default'
2025-05-31T11:37:32.766+05:30  WARN 20256 --- [loans] [           main] JpaBaseConfiguration$JpaWebConfiguration : spring.jpa.open-in-view is enabled by default. Therefore, database queries may be performed during view rendering. Explicitly configure spring.jpa.open-in-view to disable this warning
2025-05-31T11:37:35.517+05:30  INFO 20256 --- [loans] [           main] o.s.b.a.h2.H2ConsoleAutoConfiguration    : H2 console available at '/h2-console'. Database available at 'jdbc:h2:mem:testdb'
2025-05-31T11:37:35.698+05:30  INFO 20256 --- [loans] [           main] DiscoveryClientOptionalArgsConfiguration : Eureka HTTP Client uses RestTemplate.
2025-05-31T11:37:35.874+05:30  WARN 20256 --- [loans] [           main] iguration$LoadBalancerCaffeineWarnLogger : Spring Cloud LoadBalancer is currently working with the default cache. While this cache implementation is useful for development and tests, it's recommended to use Caffeine cache in production.You can switch to using Caffeine cache, by adding it and org.springframework.cache.caffeine.CaffeineCacheManager to the classpath.
2025-05-31T11:37:35.902+05:30  INFO 20256 --- [loans] [           main] o.s.b.a.e.web.EndpointLinksResolver      : Exposing 18 endpoints beneath base path '/actuator'
2025-05-31T11:37:36.108+05:30  INFO 20256 --- [loans] [           main] o.s.c.n.eureka.InstanceInfoFactory       : Setting initial instance status as: STARTING
2025-05-31T11:37:36.163+05:30  INFO 20256 --- [loans] [           main] com.netflix.discovery.DiscoveryClient    : Initializing Eureka in region us-east-1
2025-05-31T11:37:36.168+05:30  INFO 20256 --- [loans] [           main] c.n.d.s.r.aws.ConfigClusterResolver      : Resolving eureka endpoints via configuration
2025-05-31T11:37:36.185+05:30  INFO 20256 --- [loans] [           main] com.netflix.discovery.DiscoveryClient    : Disable delta property : false
2025-05-31T11:37:36.186+05:30  INFO 20256 --- [loans] [           main] com.netflix.discovery.DiscoveryClient    : Single vip registry refresh property : null
2025-05-31T11:37:36.186+05:30  INFO 20256 --- [loans] [           main] com.netflix.discovery.DiscoveryClient    : Force full registry fetch : false
2025-05-31T11:37:36.186+05:30  INFO 20256 --- [loans] [           main] com.netflix.discovery.DiscoveryClient    : Application is null : false
2025-05-31T11:37:36.186+05:30  INFO 20256 --- [loans] [           main] com.netflix.discovery.DiscoveryClient    : Registered Applications size is zero : true
2025-05-31T11:37:36.186+05:30  INFO 20256 --- [loans] [           main] com.netflix.discovery.DiscoveryClient    : Application version is -1: true
2025-05-31T11:37:36.186+05:30  INFO 20256 --- [loans] [           main] com.netflix.discovery.DiscoveryClient    : Getting all instance registry info from the eureka server
2025-05-31T11:37:36.769+05:30  INFO 20256 --- [loans] [           main] com.netflix.discovery.DiscoveryClient    : The response status is 200
2025-05-31T11:37:36.773+05:30  INFO 20256 --- [loans] [           main] com.netflix.discovery.DiscoveryClient    : Starting heartbeat executor: renew interval is: 30
2025-05-31T11:37:36.777+05:30  INFO 20256 --- [loans] [           main] c.n.discovery.InstanceInfoReplicator     : InstanceInfoReplicator onDemand update allowed rate per min is 4
2025-05-31T11:37:36.779+05:30  INFO 20256 --- [loans] [           main] com.netflix.discovery.DiscoveryClient    : Discovery Client initialized at timestamp 1748671656779 with initial instances count: 2
2025-05-31T11:37:36.787+05:30  INFO 20256 --- [loans] [           main] o.s.c.n.e.s.EurekaServiceRegistry        : Registering application LOANS with eureka with status UP
2025-05-31T11:37:36.788+05:30  INFO 20256 --- [loans] [           main] com.netflix.discovery.DiscoveryClient    : Saw local status change event StatusChangeEvent [timestamp=1748671656788, current=UP, previous=STARTING]
2025-05-31T11:37:36.789+05:30  INFO 20256 --- [loans] [foReplicator-%d] com.netflix.discovery.DiscoveryClient    : DiscoveryClient_LOANS/VinaysTeja.mshome.net:loans:8090: registering service...
2025-05-31T11:37:36.809+05:30  INFO 20256 --- [loans] [           main] c.t.loans.LoansApplicationTests          : Started LoansApplicationTests in 15.097 seconds (process running for 16.89)
2025-05-31T11:37:36.860+05:30  INFO 20256 --- [loans] [foReplicator-%d] com.netflix.discovery.DiscoveryClient    : DiscoveryClient_LOANS/VinaysTeja.mshome.net:loans:8090 - registration status: 204
]]></system-out>
    <system-err><![CDATA[Mockito is currently self-attaching to enable the inline-mock-maker. This will no longer work in future releases of the JDK. Please add Mockito as an agent to your build what is described in Mockito's documentation: https://javadoc.io/doc/org.mockito/mockito-core/latest/org/mockito/Mockito.html#0.3
WARNING: A Java agent has been loaded dynamically (C:\Users\vinay\.m2\repository\net\bytebuddy\byte-buddy-agent\1.15.11\byte-buddy-agent-1.15.11.jar)
WARNING: If a serviceability tool is in use, please run with -XX:+EnableDynamicAgentLoading to hide this warning
WARNING: If a serviceability tool is not in use, please run with -Djdk.instrument.traceUsage for more information
WARNING: Dynamic loading of agents will be disallowed by default in a future release
]]></system-err>
  </testcase>
</testsuite>